TN:
SF:/Users/cliffano/dev/workspace/pkjutil/lib/cli.js
FN:4,__list
FN:6,(anonymous_2)
FN:7,(anonymous_3)
FN:13,_listDependencies
FN:17,_listDevDependencies
FN:21,_listPeerDependencies
FN:25,_listOptDependencies
FN:29,_listAllDependencies
FN:33,__sort
FN:35,(anonymous_10)
FN:40,_sortDependencies
FN:44,_sortDevDependencies
FN:48,_sortPeerDependencies
FN:52,_sortOptDependencies
FN:56,_sortAllDependencies
FN:60,_traverseDependencies
FN:62,(anonymous_17)
FN:63,(anonymous_18)
FN:65,(anonymous_19)
FN:67,(anonymous_20)
FN:75,__upgradeVersion
FN:77,(anonymous_22)
FN:86,_upgradeVersionPatch
FN:90,_upgradeVersionMinor
FN:94,_upgradeVersionMajor
FN:98,_upgradeDependencies
FN:106,exec
FNF:27
FNH:27
FNDA:5,__list
FNDA:5,(anonymous_2)
FNDA:10,(anonymous_3)
FNDA:1,_listDependencies
FNDA:1,_listDevDependencies
FNDA:1,_listPeerDependencies
FNDA:1,_listOptDependencies
FNDA:1,_listAllDependencies
FNDA:5,__sort
FNDA:5,(anonymous_10)
FNDA:1,_sortDependencies
FNDA:1,_sortDevDependencies
FNDA:1,_sortPeerDependencies
FNDA:1,_sortOptDependencies
FNDA:1,_sortAllDependencies
FNDA:1,_traverseDependencies
FNDA:1,(anonymous_17)
FNDA:1,(anonymous_18)
FNDA:1,(anonymous_19)
FNDA:1,(anonymous_20)
FNDA:5,__upgradeVersion
FNDA:5,(anonymous_22)
FNDA:3,_upgradeVersionPatch
FNDA:1,_upgradeVersionMinor
FNDA:1,_upgradeVersionMajor
FNDA:1,_upgradeDependencies
FNDA:18,exec
DA:1,1
DA:4,1
DA:5,5
DA:6,5
DA:7,5
DA:8,10
DA:13,1
DA:14,1
DA:17,1
DA:18,1
DA:21,1
DA:22,1
DA:25,1
DA:26,1
DA:29,1
DA:30,1
DA:33,1
DA:34,5
DA:35,5
DA:36,5
DA:40,1
DA:41,1
DA:44,1
DA:45,1
DA:48,1
DA:49,1
DA:52,1
DA:53,1
DA:56,1
DA:57,1
DA:60,1
DA:61,1
DA:62,1
DA:63,1
DA:64,1
DA:65,1
DA:66,1
DA:67,1
DA:68,1
DA:75,1
DA:76,5
DA:77,5
DA:78,5
DA:79,1
DA:81,4
DA:86,1
DA:87,3
DA:90,1
DA:91,1
DA:94,1
DA:95,1
DA:98,1
DA:99,1
DA:100,1
DA:106,1
DA:108,18
DA:129,18
DA:132,1
LF:58
LH:58
BRDA:78,1,0,1
BRDA:78,1,1,4
BRF:2
BRH:2
end_of_record
TN:
SF:/Users/cliffano/dev/workspace/pkjutil/lib/pkjutil.js
FN:17,PkjUtil
FN:27,(anonymous_2)
FN:28,(anonymous_3)
FN:32,(anonymous_4)
FN:32,(anonymous_5)
FN:46,(anonymous_6)
FN:48,process
FN:51,(anonymous_8)
FN:51,(anonymous_9)
FN:53,(anonymous_10)
FN:69,(anonymous_11)
FN:71,(anonymous_12)
FN:75,(anonymous_13)
FN:76,filter
FN:82,(anonymous_15)
FN:101,(anonymous_16)
FN:103,process
FN:133,(anonymous_18)
FN:142,process
FN:143,iterator
FN:146,(anonymous_21)
FN:150,update
FN:164,(anonymous_23)
FN:164,(anonymous_24)
FN:175,(anonymous_25)
FN:179,(anonymous_26)
FN:193,(anonymous_27)
FN:195,(anonymous_28)
FN:200,(anonymous_29)
FN:204,(anonymous_30)
FNF:30
FNH:30
FNDA:39,PkjUtil
FNDA:3,(anonymous_2)
FNDA:3,(anonymous_3)
FNDA:6,(anonymous_4)
FNDA:4,(anonymous_5)
FNDA:3,(anonymous_6)
FNDA:3,process
FNDA:6,(anonymous_8)
FNDA:4,(anonymous_9)
FNDA:10,(anonymous_10)
FNDA:3,(anonymous_11)
FNDA:2,(anonymous_12)
FNDA:1,(anonymous_13)
FNDA:4,filter
FNDA:3,(anonymous_15)
FNDA:7,(anonymous_16)
FNDA:6,process
FNDA:6,(anonymous_18)
FNDA:6,process
FNDA:10,iterator
FNDA:8,(anonymous_21)
FNDA:11,update
FNDA:32,(anonymous_23)
FNDA:11,(anonymous_24)
FNDA:24,(anonymous_25)
FNDA:6,(anonymous_26)
FNDA:16,(anonymous_27)
FNDA:16,(anonymous_28)
FNDA:15,(anonymous_29)
FNDA:14,(anonymous_30)
DA:1,3
DA:10,3
DA:17,1
DA:18,39
DA:27,3
DA:28,3
DA:29,3
DA:32,6
DA:33,4
DA:35,3
DA:36,3
DA:46,3
DA:48,1
DA:49,3
DA:51,6
DA:52,4
DA:53,4
DA:54,10
DA:56,4
DA:58,3
DA:61,3
DA:69,3
DA:70,3
DA:71,2
DA:72,2
DA:73,2
DA:74,1
DA:75,1
DA:76,1
DA:77,4
DA:78,4
DA:80,1
DA:81,1
DA:82,1
DA:83,3
DA:84,3
DA:88,2
DA:91,1
DA:101,3
DA:103,1
DA:104,6
DA:105,6
DA:106,1
DA:107,1
DA:108,1
DA:109,5
DA:110,1
DA:111,1
DA:113,4
DA:115,6
DA:116,6
DA:119,7
DA:133,3
DA:134,6
DA:136,6
DA:137,6
DA:138,6
DA:139,1
DA:142,1
DA:143,1
DA:144,10
DA:148,8
DA:150,1
DA:151,11
DA:156,11
DA:157,6
DA:158,6
DA:160,5
DA:164,32
DA:165,11
DA:167,8
DA:171,10
DA:174,6
DA:175,6
DA:176,24
DA:179,6
DA:180,6
DA:184,6
DA:193,3
DA:194,16
DA:195,16
DA:196,16
DA:197,1
DA:199,15
DA:200,15
DA:201,15
DA:202,1
DA:204,14
DA:205,14
DA:213,3
LF:90
LH:90
BRDA:18,1,0,39
BRDA:18,1,1,23
BRDA:30,2,0,2
BRDA:30,2,1,1
BRDA:49,3,0,2
BRDA:49,3,1,1
BRDA:70,4,0,2
BRDA:70,4,1,1
BRDA:70,5,0,3
BRDA:70,5,1,1
BRDA:73,6,0,1
BRDA:73,6,1,1
BRDA:77,7,0,1
BRDA:77,7,1,3
BRDA:78,8,0,4
BRDA:78,8,1,3
BRDA:83,9,0,1
BRDA:83,9,1,2
BRDA:105,10,0,1
BRDA:105,10,1,5
BRDA:109,11,0,1
BRDA:109,11,1,4
BRDA:136,12,0,6
BRDA:136,12,1,5
BRDA:137,13,0,6
BRDA:137,13,1,5
BRDA:138,14,0,1
BRDA:138,14,1,5
BRDA:153,15,0,9
BRDA:153,15,1,2
BRDA:154,16,0,9
BRDA:154,16,1,2
BRDA:156,17,0,6
BRDA:156,17,1,5
BRDA:157,18,0,6
BRDA:157,18,1,5
BRDA:164,19,0,32
BRDA:164,19,1,14
BRDA:196,20,0,1
BRDA:196,20,1,15
BRDA:201,21,0,1
BRDA:201,21,1,14
BRF:42
BRH:42
end_of_record
